#
# There is insufficient memory for the Java Runtime Environment to continue.
# Native memory allocation (mmap) failed to map 266338304 bytes for G1 virtual space
# Possible reasons:
#   The system is out of physical RAM or swap space
#   The process is running with CompressedOops enabled, and the Java Heap may be blocking the growth of the native heap
# Possible solutions:
#   Reduce memory load on the system
#   Increase physical memory or swap space
#   Check if swap backing store is full
#   Decrease Java heap size (-Xmx/-Xms)
#   Decrease number of Java threads
#   Decrease Java thread stack sizes (-Xss)
#   Set larger code cache with -XX:ReservedCodeCacheSize=
#   JVM is running with Zero Based Compressed Oops mode in which the Java heap is
#     placed in the first 32GB address space. The Java Heap base address is the
#     maximum limit for the native heap growth. Please use -XX:HeapBaseMinAddress
#     to set the Java Heap base and to place the Java Heap above 32GB virtual address.
# This output file may be truncated or incomplete.
#
#  Out of Memory Error (os_windows.cpp:3548), pid=17612, tid=16212
#
# JRE version:  (17.0.12+8) (build )
# Java VM: Java HotSpot(TM) 64-Bit Server VM (17.0.12+8-LTS-286, mixed mode, sharing, tiered, compressed oops, compressed class ptrs, g1 gc, windows-amd64)
# No core dump will be written. Minidumps are not enabled by default on client versions of Windows
#

---------------  S U M M A R Y ------------

Command Line: 

Host: Intel(R) Core(TM) i7-8700 CPU @ 3.20GHz, 12 cores, 15G,  Windows 11 , 64 bit Build 22621 (10.0.22621.5415)
Time: Wed Jun 18 16:02:51 2025 Pakistan Standard Time elapsed time: 0.041434 seconds (0d 0h 0m 0s)

---------------  T H R E A D  ---------------

Current thread (0x0000018da0c7eb10):  JavaThread "Unknown thread" [_thread_in_vm, id=16212, stack(0x0000000100500000,0x0000000100600000)]

Stack: [0x0000000100500000,0x0000000100600000]
Native frames: (J=compiled Java code, j=interpreted, Vv=VM code, C=native code)
V  [jvm.dll+0x67a04a]
V  [jvm.dll+0x7da4ed]
V  [jvm.dll+0x7dbe33]
V  [jvm.dll+0x7dc4a3]
V  [jvm.dll+0x24508f]
V  [jvm.dll+0x677089]
V  [jvm.dll+0x66bd32]
V  [jvm.dll+0x301fa6]
V  [jvm.dll+0x309546]
V  [jvm.dll+0x359d2e]
V  [jvm.dll+0x359f5f]
V  [jvm.dll+0x2d9078]
V  [jvm.dll+0x2d9fe4]
V  [jvm.dll+0x7aca21]
V  [jvm.dll+0x367591]
V  [jvm.dll+0x78b999]
V  [jvm.dll+0x3ec83f]
V  [jvm.dll+0x3ee471]
C  [jli.dll+0x5297]
C  [ucrtbase.dll+0x29333]
C  [KERNEL32.DLL+0x1259d]
C  [ntdll.dll+0x5af78]


---------------  P R O C E S S  ---------------

Threads class SMR info:
_java_thread_list=0x00007ff83c337a18, length=0, elements={
}

Java Threads: ( => current thread )

Other Threads:
  0x0000018da0ced6c0 GCTaskThread "GC Thread#0" [stack: 0x0000000100600000,0x0000000100700000] [id=6036]
  0x0000018da0cfe390 ConcurrentGCThread "G1 Main Marker" [stack: 0x0000000100700000,0x0000000100800000] [id=1992]
  0x0000018da0cff540 ConcurrentGCThread "G1 Conc#0" [stack: 0x0000000100800000,0x0000000100900000] [id=10864]

[error occurred during error reporting (printing all threads), id 0xc0000005, EXCEPTION_ACCESS_VIOLATION (0xc0000005) at pc=0x00007ff83bb69b67]

VM state: not at safepoint (not fully initialized)

VM Mutex/Monitor currently owned by a thread:  ([mutex/lock_event])
[0x0000018da0c7b150] Heap_lock - owner thread: 0x0000018da0c7eb10

Heap address: 0x0000000702800000, size: 4056 MB, Compressed Oops mode: Zero based, Oop shift amount: 3

CDS archive(s) mapped at: [0x0000000000000000-0x0000000000000000-0x0000000000000000), size 0, SharedBaseAddress: 0x0000000800000000, ArchiveRelocationMode: 1.
Narrow klass base: 0x0000000000000000, Narrow klass shift: 0, Narrow klass range: 0x0

GC Precious Log:
<Empty>

Heap:
 garbage-first heap   total 0K, used 0K [0x0000000702800000, 0x0000000800000000)
  region size 2048K, 0 young (0K), 0 survivors (0K)

[error occurred during error reporting (printing heap information), id 0xc0000005, EXCEPTION_ACCESS_VIOLATION (0xc0000005) at pc=0x00007ff83bf53859]

GC Heap History (0 events):
No events

Deoptimization events (0 events):
No events

Classes unloaded (0 events):
No events

Classes redefined (0 events):
No events

Internal exceptions (0 events):
No events

VM Operations (0 events):
No events

Events (1 events):
Event: 0.025 Loaded shared library C:\Program Files\Java\jdk-17\bin\java.dll


Dynamic libraries:
0x00007ff69fe00000 - 0x00007ff69fe10000 	C:\Program Files\Java\jdk-17\bin\java.exe
0x00007ff8c4690000 - 0x00007ff8c48a7000 	C:\windows\SYSTEM32\ntdll.dll
0x00007ff8c2b50000 - 0x00007ff8c2c14000 	C:\windows\System32\KERNEL32.DLL
0x00007ff8c1a60000 - 0x00007ff8c1e32000 	C:\windows\System32\KERNELBASE.dll
0x00007ff8c1f80000 - 0x00007ff8c2091000 	C:\windows\System32\ucrtbase.dll
0x00007ff8795b0000 - 0x00007ff8795c9000 	C:\Program Files\Java\jdk-17\bin\jli.dll
0x00007ff8c3d40000 - 0x00007ff8c3df1000 	C:\windows\System32\ADVAPI32.dll
0x00007ff8c26e0000 - 0x00007ff8c2787000 	C:\windows\System32\msvcrt.dll
0x00007ff8c4510000 - 0x00007ff8c45b8000 	C:\windows\System32\sechost.dll
0x00007ff8c21d0000 - 0x00007ff8c21f8000 	C:\windows\System32\bcrypt.dll
0x00007ff8c2790000 - 0x00007ff8c28a4000 	C:\windows\System32\RPCRT4.dll
0x00007ff8c24b0000 - 0x00007ff8c2661000 	C:\windows\System32\USER32.dll
0x00007ff8c1a30000 - 0x00007ff8c1a56000 	C:\windows\System32\win32u.dll
0x00007ff8c2c20000 - 0x00007ff8c2c49000 	C:\windows\System32\GDI32.dll
0x00007ff8c20a0000 - 0x00007ff8c21c3000 	C:\windows\System32\gdi32full.dll
0x00007ff8c2200000 - 0x00007ff8c229a000 	C:\windows\System32\msvcp_win.dll
0x00007ff86d5a0000 - 0x00007ff86d5bb000 	C:\Program Files\Java\jdk-17\bin\VCRUNTIME140.dll
0x00007ff8b55f0000 - 0x00007ff8b588b000 	C:\windows\WinSxS\amd64_microsoft.windows.common-controls_6595b64144ccf1df_6.0.22621.5415_none_270d77d17387d7da\COMCTL32.dll
0x00007ff8bd890000 - 0x00007ff8bd89a000 	C:\windows\SYSTEM32\VERSION.dll
0x00007ff8c3880000 - 0x00007ff8c38b1000 	C:\windows\System32\IMM32.DLL
0x00007ff8737a0000 - 0x00007ff8737ac000 	C:\Program Files\Java\jdk-17\bin\vcruntime140_1.dll
0x00007ff86d3a0000 - 0x00007ff86d42e000 	C:\Program Files\Java\jdk-17\bin\msvcp140.dll
0x00007ff83b880000 - 0x00007ff83c460000 	C:\Program Files\Java\jdk-17\bin\server\jvm.dll
0x00007ff8c45c0000 - 0x00007ff8c45c8000 	C:\windows\System32\PSAPI.DLL
0x00007ff86d590000 - 0x00007ff86d599000 	C:\windows\SYSTEM32\WSOCK32.dll
0x00007ff8c2dd0000 - 0x00007ff8c2e41000 	C:\windows\System32\WS2_32.dll
0x00007ff8b9410000 - 0x00007ff8b9444000 	C:\windows\SYSTEM32\WINMM.dll
0x00007ff8c0770000 - 0x00007ff8c0788000 	C:\windows\SYSTEM32\kernel.appcore.dll
0x00007ff86d390000 - 0x00007ff86d39a000 	C:\Program Files\Java\jdk-17\bin\jimage.dll
0x00007ff8b6200000 - 0x00007ff8b6433000 	C:\windows\SYSTEM32\DBGHELP.DLL
0x00007ff8c4170000 - 0x00007ff8c4503000 	C:\windows\System32\combase.dll
0x00007ff8c2340000 - 0x00007ff8c2417000 	C:\windows\System32\OLEAUT32.dll
0x00007ff8a6dc0000 - 0x00007ff8a6df2000 	C:\windows\SYSTEM32\dbgcore.DLL
0x00007ff8c1780000 - 0x00007ff8c17fb000 	C:\windows\System32\bcryptPrimitives.dll
0x00007ff852220000 - 0x00007ff852245000 	C:\Program Files\Java\jdk-17\bin\java.dll

dbghelp: loaded successfully - version: 4.0.5 - missing functions: none
symbol engine: initialized successfully - sym options: 0x614 - pdb path: .;C:\Program Files\Java\jdk-17\bin;C:\windows\SYSTEM32;C:\windows\WinSxS\amd64_microsoft.windows.common-controls_6595b64144ccf1df_6.0.22621.5415_none_270d77d17387d7da;C:\Program Files\Java\jdk-17\bin\server

VM Arguments:
java_command: <unknown>
java_class_path (initial): <not set>
Launcher Type: SUN_STANDARD

[Global flags]
     intx CICompilerCount                          = 4                                         {product} {ergonomic}
     uint ConcGCThreads                            = 3                                         {product} {ergonomic}
     uint G1ConcRefinementThreads                  = 10                                        {product} {ergonomic}
   size_t G1HeapRegionSize                         = 2097152                                   {product} {ergonomic}
    uintx GCDrainStackTargetSize                   = 64                                        {product} {ergonomic}
   size_t InitialHeapSize                          = 266338304                                 {product} {ergonomic}
   size_t MarkStackSize                            = 4194304                                   {product} {ergonomic}
   size_t MaxHeapSize                              = 4253024256                                {product} {ergonomic}
   size_t MinHeapDeltaBytes                        = 2097152                                   {product} {ergonomic}
   size_t MinHeapSize                              = 8388608                                   {product} {ergonomic}
    uintx NonNMethodCodeHeapSize                   = 5839372                                {pd product} {ergonomic}
    uintx NonProfiledCodeHeapSize                  = 122909434                              {pd product} {ergonomic}
    uintx ProfiledCodeHeapSize                     = 122909434                              {pd product} {ergonomic}
    uintx ReservedCodeCacheSize                    = 251658240                              {pd product} {ergonomic}
     bool SegmentedCodeCache                       = true                                      {product} {ergonomic}
   size_t SoftMaxHeapSize                          = 4253024256                             {manageable} {ergonomic}
     bool UseCompressedClassPointers               = true                           {product lp64_product} {ergonomic}
     bool UseCompressedOops                        = true                           {product lp64_product} {ergonomic}
     bool UseG1GC                                  = true                                      {product} {ergonomic}
     bool UseLargePagesIndividualAllocation        = false                                  {pd product} {ergonomic}

Logging:
Log output configuration:
 #0: stdout all=warning uptime,level,tags
 #1: stderr all=off uptime,level,tags

Environment Variables:
PATH=C:\Program Files\Common Files\Oracle\Java\javapath;C:\windows\system32;C:\windows;C:\windows\System32\Wbem;C:\windows\System32\WindowsPowerShell\v1.0\;C:\windows\System32\OpenSSH\;C:\ProgramData\chocolatey\bin;C:\Program Files\nodejs\;C:\Program Files\Git\cmd;C:\Users\User\AppData\Local\Android\Sdk\platform-tools;C:\Users\User\AppData\Local\Android\Sdk\tools;C:\Users\User\AppData\Local\Microsoft\WindowsApps;C:\Users\User\AppData\Local\Programs\Microsoft VS Code\bin;C:\Users\User\AppData\Roaming\npm;C:\Users\User\AppData\Local\Programs\cursor\resources\app\bin
USERNAME=Maryam Ubaid
LANG=en_US.UTF-8
OS=Windows_NT
PROCESSOR_IDENTIFIER=Intel64 Family 6 Model 158 Stepping 10, GenuineIntel



---------------  S Y S T E M  ---------------

OS:
 Windows 11 , 64 bit Build 22621 (10.0.22621.5415)
OS uptime: 0 days 6:40 hours
Hyper-V role detected

CPU: total 12 (initial active 12) (6 cores per cpu, 2 threads per core) family 6 model 158 stepping 10 microcode 0xf8, cx8, cmov, fxsr, ht, mmx, 3dnowpref, sse, sse2, sse3, ssse3, sse4.1, sse4.2, popcnt, lzcnt, tsc, tscinvbit, avx, avx2, aes, erms, clmul, bmi1, bmi2, rtm, adx, fma, vzeroupper, clflush, clflushopt, hv

Memory: 4k page, system-wide physical 16222M (951M free)
TotalPageFile size 65374M (AvailPageFile size 166M)
current process WorkingSet (physical memory assigned to process): 11M, peak: 11M
current process commit charge ("private bytes"): 64M, peak: 318M

vm_info: Java HotSpot(TM) 64-Bit Server VM (17.0.12+8-LTS-286) for windows-amd64 JRE (17.0.12+8-LTS-286), built on Jun  5 2024 06:46:59 by "mach5one" with MS VC++ 17.6 (VS2022)

END.
